# JRE version: Java(TM) SE Runtime Environment (8.0_261-b12) (build 1.8.0_261-b12)
# Java VM: Java HotSpot(TM) 64-Bit Server VM (25.261-b12 mixed mode windows-amd64 compressed oops)
Heap:
 PSYoungGen      total 3445760K, used 1863839K [0x00000006eb400000, 0x00000007c0000000, 0x00000007c0000000)
  eden space 3404288K, 54% used [0x00000006eb400000,0x000000075d027f50,0x00000007bb080000)
  from space 41472K, 0% used [0x00000007bd780000,0x00000007bd780000,0x00000007c0000000)
  to   space 39936K, 49% used [0x00000007bb080000,0x00000007bc3c87a0,0x00000007bd780000)
 ParOldGen       total 437248K, used 28428K [0x0000000541c00000, 0x000000055c700000, 0x00000006eb400000)
  object space 437248K, 6% used [0x0000000541c00000,0x00000005437c30f8,0x000000055c700000)
 Metaspace       used 20380K, capacity 20840K, committed 21120K, reserved 1069056K
  class space    used 1959K, capacity 2085K, committed 2176K, reserved 1048576K
GC Heap History (10 events):
Event: 842.018 GC heap after
Heap after GC invocations=66 (full 14):
 PSYoungGen      total 3444736K, used 0K [0x00000006eb400000, 0x00000007c0000000, 0x00000007c0000000)
  eden space 3403264K, 0% used [0x00000006eb400000,0x00000006eb400000,0x00000007baf80000)
  from space 41472K, 0% used [0x00000007bd780000,0x00000007bd780000,0x00000007c0000000)
  to   space 40960K, 0% used [0x00000007baf80000,0x00000007baf80000,0x00000007bd780000)
 ParOldGen       total 437248K, used 30626K [0x0000000541c00000, 0x000000055c700000, 0x00000006eb400000)
  object space 437248K, 7% used [0x0000000541c00000,0x00000005439e89f8,0x000000055c700000)
 Metaspace       used 20375K, capacity 20840K, committed 21120K, reserved 1069056K
  class space    used 1959K, capacity 2085K, committed 2176K, reserved 1048576K
}
Event: 902.085 GC heap before
{Heap before GC invocations=67 (full 14):
 PSYoungGen      total 3444736K, used 1924611K [0x00000006eb400000, 0x00000007c0000000, 0x00000007c0000000)
  eden space 3403264K, 56% used [0x00000006eb400000,0x0000000760b80dd0,0x00000007baf80000)
  from space 41472K, 0% used [0x00000007bd780000,0x00000007bd780000,0x00000007c0000000)
  to   space 40960K, 0% used [0x00000007baf80000,0x00000007baf80000,0x00000007bd780000)
 ParOldGen       total 437248K, used 30626K [0x0000000541c00000, 0x000000055c700000, 0x00000006eb400000)
  object space 437248K, 7% used [0x0000000541c00000,0x00000005439e89f8,0x000000055c700000)
 Metaspace       used 20377K, capacity 20840K, committed 21120K, reserved 1069056K
  class space    used 1959K, capacity 2085K, committed 2176K, reserved 1048576K
Event: 902.105 GC heap after
Heap after GC invocations=67 (full 14):
 PSYoungGen      total 3444224K, used 25634K [0x00000006eb400000, 0x00000007c0000000, 0x00000007c0000000)
  eden space 3403264K, 0% used [0x00000006eb400000,0x00000006eb400000,0x00000007baf80000)
  from space 40960K, 62% used [0x00000007baf80000,0x00000007bc8889c0,0x00000007bd780000)
  to   space 41472K, 0% used [0x00000007bd780000,0x00000007bd780000,0x00000007c0000000)
 ParOldGen       total 437248K, used 30634K [0x0000000541c00000, 0x000000055c700000, 0x00000006eb400000)
  object space 437248K, 7% used [0x0000000541c00000,0x00000005439ea9f8,0x000000055c700000)
 Metaspace       used 20377K, capacity 20840K, committed 21120K, reserved 1069056K
  class space    used 1959K, capacity 2085K, committed 2176K, reserved 1048576K
}
Event: 902.105 GC heap before
{Heap before GC invocations=68 (full 15):
 PSYoungGen      total 3444224K, used 25634K [0x00000006eb400000, 0x00000007c0000000, 0x00000007c0000000)
  eden space 3403264K, 0% used [0x00000006eb400000,0x00000006eb400000,0x00000007baf80000)
  from space 40960K, 62% used [0x00000007baf80000,0x00000007bc8889c0,0x00000007bd780000)
  to   space 41472K, 0% used [0x00000007bd780000,0x00000007bd780000,0x00000007c0000000)
 ParOldGen       total 437248K, used 30634K [0x0000000541c00000, 0x000000055c700000, 0x00000006eb400000)
  object space 437248K, 7% used [0x0000000541c00000,0x00000005439ea9f8,0x000000055c700000)
 Metaspace       used 20377K, capacity 20840K, committed 21120K, reserved 1069056K
  class space    used 1959K, capacity 2085K, committed 2176K, reserved 1048576K
Event: 902.135 GC heap after
Heap after GC invocations=68 (full 15):
 PSYoungGen      total 3444224K, used 0K [0x00000006eb400000, 0x00000007c0000000, 0x00000007c0000000)
  eden space 3403264K, 0% used [0x00000006eb400000,0x00000006eb400000,0x00000007baf80000)
  from space 40960K, 0% used [0x00000007baf80000,0x00000007baf80000,0x00000007bd780000)
  to   space 41472K, 0% used [0x00000007bd780000,0x00000007bd780000,0x00000007c0000000)
 ParOldGen       total 437248K, used 31639K [0x0000000541c00000, 0x000000055c700000, 0x00000006eb400000)
  object space 437248K, 7% used [0x0000000541c00000,0x0000000543ae5e00,0x000000055c700000)
 Metaspace       used 20377K, capacity 20840K, committed 21120K, reserved 1069056K
  class space    used 1959K, capacity 2085K, committed 2176K, reserved 1048576K
}
Event: 962.194 GC heap before
{Heap before GC invocations=69 (full 15):
 PSYoungGen      total 3444224K, used 1745438K [0x00000006eb400000, 0x00000007c0000000, 0x00000007c0000000)
  eden space 3403264K, 51% used [0x00000006eb400000,0x0000000755c879a0,0x00000007baf80000)
  from space 40960K, 0% used [0x00000007baf80000,0x00000007baf80000,0x00000007bd780000)
  to   space 41472K, 0% used [0x00000007bd780000,0x00000007bd780000,0x00000007c0000000)
 ParOldGen       total 437248K, used 31639K [0x0000000541c00000, 0x000000055c700000, 0x00000006eb400000)
  object space 437248K, 7% used [0x0000000541c00000,0x0000000543ae5e00,0x000000055c700000)
 Metaspace       used 20380K, capacity 20840K, committed 21120K, reserved 1069056K
  class space    used 1959K, capacity 2085K, committed 2176K, reserved 1048576K
Event: 962.212 GC heap after
Heap after GC invocations=69 (full 15):
 PSYoungGen      total 3445760K, used 22354K [0x00000006eb400000, 0x00000007c0000000, 0x00000007c0000000)
  eden space 3404288K, 0% used [0x00000006eb400000,0x00000006eb400000,0x00000007bb080000)
  from space 41472K, 53% used [0x00000007bd780000,0x00000007bed54870,0x00000007c0000000)
  to   space 39936K, 0% used [0x00000007bb080000,0x00000007bb080000,0x00000007bd780000)
 ParOldGen       total 437248K, used 31639K [0x0000000541c00000, 0x000000055c700000, 0x00000006eb400000)
  object space 437248K, 7% used [0x0000000541c00000,0x0000000543ae5e00,0x000000055c700000)
 Metaspace       used 20380K, capacity 20840K, committed 21120K, reserved 1069056K
  class space    used 1959K, capacity 2085K, committed 2176K, reserved 1048576K
}
Event: 962.212 GC heap before
{Heap before GC invocations=70 (full 16):
 PSYoungGen      total 3445760K, used 22354K [0x00000006eb400000, 0x00000007c0000000, 0x00000007c0000000)
  eden space 3404288K, 0% used [0x00000006eb400000,0x00000006eb400000,0x00000007bb080000)
  from space 41472K, 53% used [0x00000007bd780000,0x00000007bed54870,0x00000007c0000000)
  to   space 39936K, 0% used [0x00000007bb080000,0x00000007bb080000,0x00000007bd780000)
 ParOldGen       total 437248K, used 31639K [0x0000000541c00000, 0x000000055c700000, 0x00000006eb400000)
  object space 437248K, 7% used [0x0000000541c00000,0x0000000543ae5e00,0x000000055c700000)
 Metaspace       used 20380K, capacity 20840K, committed 21120K, reserved 1069056K
  class space    used 1959K, capacity 2085K, committed 2176K, reserved 1048576K
Event: 962.241 GC heap after
Heap after GC invocations=70 (full 16):
 PSYoungGen      total 3445760K, used 0K [0x00000006eb400000, 0x00000007c0000000, 0x00000007c0000000)
  eden space 3404288K, 0% used [0x00000006eb400000,0x00000006eb400000,0x00000007bb080000)
  from space 41472K, 0% used [0x00000007bd780000,0x00000007bd780000,0x00000007c0000000)
  to   space 39936K, 0% used [0x00000007bb080000,0x00000007bb080000,0x00000007bd780000)
 ParOldGen       total 437248K, used 28428K [0x0000000541c00000, 0x000000055c700000, 0x00000006eb400000)
  object space 437248K, 6% used [0x0000000541c00000,0x00000005437c30f8,0x000000055c700000)
 Metaspace       used 20380K, capacity 20840K, committed 21120K, reserved 1069056K
  class space    used 1959K, capacity 2085K, committed 2176K, reserved 1048576K
}
Event: 1022.304 GC heap before
{Heap before GC invocations=71 (full 16):
 PSYoungGen      total 3445760K, used 1863839K [0x00000006eb400000, 0x00000007c0000000, 0x00000007c0000000)
  eden space 3404288K, 54% used [0x00000006eb400000,0x000000075d027f50,0x00000007bb080000)
  from space 41472K, 0% used [0x00000007bd780000,0x00000007bd780000,0x00000007c0000000)
  to   space 39936K, 0% used [0x00000007bb080000,0x00000007bb080000,0x00000007bd780000)
 ParOldGen       total 437248K, used 28428K [0x0000000541c00000, 0x000000055c700000, 0x00000006eb400000)
  object space 437248K, 6% used [0x0000000541c00000,0x00000005437c30f8,0x000000055c700000)
 Metaspace       used 20380K, capacity 20840K, committed 21120K, reserved 1069056K
  class space    used 1959K, capacity 2085K, committed 2176K, reserved 1048576K

